<?xml version="1.0" encoding="UTF-8"?>
<!-- Generated by org.testng.reporters.JUnitXMLReporter -->
<testsuite hostname="ArvindhshansMBP.hsd1.pa.comcast.net" ignored="1" name="Default test" tests="1" failures="0" timestamp="2020-04-25T22:43:08 EDT" time="21.197" errors="0">
  <testcase name="search" time="21.063" classname="test.TestCase"/>
  <testcase name="magentoRegister" time="0.0" classname="test.TestCase">
    <ignored/>
  </testcase> <!-- magentoRegister -->
</testsuite> <!-- Default test -->
