<?xml version="1.0" encoding="UTF-8"?>
<testng-results skipped="0" failed="0" ignored="1" total="2" passed="1">
  <reporter-output>
  </reporter-output>
  <suite name="Suite" duration-ms="12600" started-at="2020-04-24T21:03:27 EDT" finished-at="2020-04-24T21:03:39 EDT">
    <groups>
    </groups>
    <test name="Test" duration-ms="12600" started-at="2020-04-24T21:03:27 EDT" finished-at="2020-04-24T21:03:39 EDT">
      <class name="test.TestCase">
        <test-method status="PASS" signature="search()[pri:1, instance:test.TestCase@91161c7]" name="search" duration-ms="12500" started-at="2020-04-24T21:03:27 EDT" finished-at="2020-04-24T21:03:39 EDT">
          <reporter-output>
          </reporter-output>
        </test-method> <!-- search -->
      </class> <!-- test.TestCase -->
    </test> <!-- Test -->
  </suite> <!-- Suite -->
</testng-results>
