<?xml version="1.0" encoding="UTF-8"?>
<testng-results skipped="0" failed="0" ignored="1" total="2" passed="1">
  <reporter-output>
  </reporter-output>
  <suite name="Default suite" duration-ms="21197" started-at="2020-04-25T22:42:47 EDT" finished-at="2020-04-25T22:43:08 EDT">
    <groups>
    </groups>
    <test name="Default test" duration-ms="21197" started-at="2020-04-25T22:42:47 EDT" finished-at="2020-04-25T22:43:08 EDT">
      <class name="test.TestCase">
        <test-method status="PASS" signature="search()[pri:1, instance:test.TestCase@3febb011]" name="search" duration-ms="21063" started-at="2020-04-25T22:42:47 EDT" finished-at="2020-04-25T22:43:08 EDT">
          <reporter-output>
          </reporter-output>
        </test-method> <!-- search -->
      </class> <!-- test.TestCase -->
    </test> <!-- Default test -->
  </suite> <!-- Default suite -->
</testng-results>
